1543507161209	mozrunner::runner	INFO	Running command: "/usr/bin/firefox" "-marionette" "-foreground" "-no-remote" "-profile" "/tmp/rust_mozprofile.ss1N8A2RAxhj"
1543507167819	Marionette	INFO	Listening on port 46503
1543507167845	Marionette	WARN	TLS certificate errors will be ignored for this session

(/usr/lib/firefox/firefox:4956): dconf-WARNING **: 00:06:46.111: Unable to open /var/lib/snapd/desktop/dconf/profile/user: 权限不够
JavaScript error: https://ss1.bdstatic.com/5eN1bjq8AAUYm2zgoY3K/r/www/cache/static/protocol/https/plugins/every_cookie_4644b13.js, line 4: ReferenceError: c is not defined

(/usr/lib/firefox/firefox:5008): dconf-WARNING **: 00:07:16.134: Unable to open /var/lib/snapd/desktop/dconf/profile/user: 权限不够
console.error: BroadcastService: 
  receivedBroadcastMessage: handler for
  remote-settings/monitor_changes
  threw error:
  Message: Error: Polling for changes failed: NetworkError when attempting to fetch resource..
  Stack:
    remoteSettingsFunction/remoteSettings.pollChanges@resource://services-settings/remote-settings.js:721:13

[Parent 4823, Gecko_IOThread] WARNING: pipe error (70): 连接被对方重设: file /build/firefox-JcIUVH/firefox-63.0.3+build1/ipc/chromium/src/chrome/common/ipc_channel_posix.cc, line 356
[Parent 4823, Gecko_IOThread] WARNING: pipe error (78): 连接被对方重设: file /build/firefox-JcIUVH/firefox-63.0.3+build1/ipc/chromium/src/chrome/common/ipc_channel_posix.cc, line 356
[Parent 4823, Gecko_IOThread] WARNING: pipe error (114): 连接被对方重设: file /build/firefox-JcIUVH/firefox-63.0.3+build1/ipc/chromium/src/chrome/common/ipc_channel_posix.cc, line 356
1543507692705	Marionette	INFO	Stopped listening on port 46503
1543508769159	mozrunner::runner	INFO	Running command: "/usr/bin/firefox" "-marionette" "-foreground" "-no-remote" "-profile" "/tmp/rust_mozprofile.M7m7MHaDnnGI"
1543508776288	Marionette	INFO	Listening on port 39847
1543508776315	Marionette	WARN	TLS certificate errors will be ignored for this session

(/usr/lib/firefox/firefox:6157): dconf-WARNING **: 00:27:19.139: Unable to open /var/lib/snapd/desktop/dconf/profile/user: 权限不够
JavaScript error: https://kyfw.12306.cn/passport/captcha/captcha-check?callback=jQuery191031184103015041253_1543508780197&answer=115%2C79%2C192%2C36&rand=sjrand&login_site=E&_=1543508780199, line 1: SyntaxError: unexpected token: ':'
JavaScript error: https://kyfw.12306.cn/passport/captcha/captcha-check?callback=jQuery191031184103015041253_1543508780197&answer=115%2C79%2C192%2C36&rand=sjrand&login_site=E&_=1543508780200, line 1: SyntaxError: unexpected token: ':'
JavaScript error: https://kyfw.12306.cn/passport/captcha/captcha-check?callback=jQuery191031184103015041253_1543508780197&answer=115%2C79%2C192%2C36&rand=sjrand&login_site=E&_=1543508780201, line 1: SyntaxError: unexpected token: ':'
JavaScript error: https://kyfw.12306.cn/passport/captcha/captcha-check?callback=jQuery191031184103015041253_1543508780197&answer=115%2C79%2C192%2C36&rand=sjrand&login_site=E&_=1543508780202, line 1: SyntaxError: unexpected token: ':'
JavaScript error: https://kyfw.12306.cn/passport/captcha/captcha-check?callback=jQuery191031184103015041253_1543508780197&answer=115%2C79%2C192%2C36&rand=sjrand&login_site=E&_=1543508780203, line 1: SyntaxError: unexpected token: ':'
console.error: BroadcastService: 
  receivedBroadcastMessage: handler for
  remote-settings/monitor_changes
  threw error:
  Message: Error: Polling for changes failed: NetworkError when attempting to fetch resource..
  Stack:
    remoteSettingsFunction/remoteSettings.pollChanges@resource://services-settings/remote-settings.js:721:13

[GFX1-]: Receive IPC close with reason=AbnormalShutdown
[Child 6134, Chrome_ChildThread] WARNING: pipe error (3): 连接被对方重设: file /build/firefox-JcIUVH/firefox-63.0.3+build1/ipc/chromium/src/chrome/common/ipc_channel_posix.cc, line 356
1543573467991	mozrunner::runner	INFO	Running command: "/usr/bin/firefox" "-marionette" "-foreground" "-no-remote" "-profile" "/tmp/rust_mozprofile.6yXrcR144uYB"
1543573482451	Marionette	INFO	Listening on port 36509
1543573482494	Marionette	WARN	TLS certificate errors will be ignored for this session
console.error: BroadcastService: 
  receivedBroadcastMessage: handler for
  remote-settings/monitor_changes
  threw error:
  Message: Error: Polling for changes failed: NetworkError when attempting to fetch resource..
  Stack:
    remoteSettingsFunction/remoteSettings.pollChanges@resource://services-settings/remote-settings.js:721:13

Corrupt JPEG data: 12 extraneous bytes before marker 0xd9

(/usr/lib/firefox/firefox:3691): dconf-WARNING **: 18:29:28.548: Unable to open /var/lib/snapd/desktop/dconf/profile/user: 权限不够
Corrupt JPEG data: 13 extraneous bytes before marker 0xd9
1543576395977	mozrunner::runner	INFO	Running command: "/usr/bin/firefox" "-marionette" "-foreground" "-no-remote" "-profile" "/tmp/rust_mozprofile.qYdHVZ9a4xag"
1543576403565	Marionette	INFO	Listening on port 35225
1543576403641	Marionette	WARN	TLS certificate errors will be ignored for this session
[Parent 3526, Gecko_IOThread] WARNING: pipe error (70): 连接被对方重设: file /build/firefox-JcIUVH/firefox-63.0.3+build1/ipc/chromium/src/chrome/common/ipc_channel_posix.cc, line 356
[Parent 3526, Gecko_IOThread] WARNING: pipe error (84): 连接被对方重设: file /build/firefox-JcIUVH/firefox-63.0.3+build1/ipc/chromium/src/chrome/common/ipc_channel_posix.cc, line 356
1543576465859	Marionette	INFO	Stopped listening on port 36509
Corrupt JPEG data: 14 extraneous bytes before marker 0xd9

(/usr/lib/firefox/firefox:5172): dconf-WARNING **: 19:14:38.645: Unable to open /var/lib/snapd/desktop/dconf/profile/user: 权限不够
1543576738667	mozrunner::runner	INFO	Running command: "/usr/bin/firefox" "-marionette" "-foreground" "-no-remote" "-profile" "/tmp/rust_mozprofile.PnL6tf9fvvoB"
1543576744024	Marionette	INFO	Listening on port 32881
1543576744105	Marionette	WARN	TLS certificate errors will be ignored for this session
Corrupt JPEG data: 11 extraneous bytes before marker 0x1f
Corrupt JPEG data: 17 extraneous bytes before marker 0xd9

(/usr/lib/firefox/firefox:5522): dconf-WARNING **: 19:20:18.407: Unable to open /var/lib/snapd/desktop/dconf/profile/user: 权限不够
console.error: BroadcastService: 
  receivedBroadcastMessage: handler for
  remote-settings/monitor_changes
  threw error:
  Message: Error: Polling for changes failed: NetworkError when attempting to fetch resource..
  Stack:
    remoteSettingsFunction/remoteSettings.pollChanges@resource://services-settings/remote-settings.js:721:13

console.error: BroadcastService: 
  receivedBroadcastMessage: handler for
  remote-settings/monitor_changes
  threw error:
  Message: Error: Polling for changes failed: NetworkError when attempting to fetch resource..
  Stack:
    remoteSettingsFunction/remoteSettings.pollChanges@resource://services-settings/remote-settings.js:721:13

1543577015278	Marionette	INFO	Stopped listening on port 32881
console.error: "Tried to send a 'tabDetached' event on an already destroyed actor 'frameTarget'"
[Parent 5039, Gecko_IOThread] WARNING: pipe error (78): 连接被对方重设: file /build/firefox-JcIUVH/firefox-63.0.3+build1/ipc/chromium/src/chrome/common/ipc_channel_posix.cc, line 356
IPDL protocol error: Handler returned error code!

###!!! [Parent][DispatchAsyncMessage] Error: PLayerTransaction::Msg_ReleaseLayer Processing error: message was deserialized, but the handler returned false (indicating failure)

IPDL protocol error: Handler returned error code!

###!!! [Parent][DispatchAsyncMessage] Error: PLayerTransaction::Msg_ReleaseLayer Processing error: message was deserialized, but the handler returned false (indicating failure)

IPDL protocol error: Handler returned error code!

###!!! [Parent][DispatchAsyncMessage] Error: PLayerTransaction::Msg_ReleaseLayer Processing error: message was deserialized, but the handler returned false (indicating failure)

IPDL protocol error: Handler returned error code!

###!!! [Parent][DispatchAsyncMessage] Error: PLayerTransaction::Msg_ReleaseLayer Processing error: message was deserialized, but the handler returned false (indicating failure)

IPDL protocol error: Handler returned error code!

###!!! [Parent][DispatchAsyncMessage] Error: PLayerTransaction::Msg_ReleaseLayer Processing error: message was deserialized, but the handler returned false (indicating failure)

IPDL protocol error: Handler returned error code!

###!!! [Parent][DispatchAsyncMessage] Error: PLayerTransaction::Msg_ReleaseLayer Processing error: message was deserialized, but the handler returned false (indicating failure)

IPDL protocol error: Handler returned error code!

###!!! [Parent][DispatchAsyncMessage] Error: PLayerTransaction::Msg_ReleaseLayer Processing error: message was deserialized, but the handler returned false (indicating failure)

IPDL protocol error: Handler returned error code!

###!!! [Parent][DispatchAsyncMessage] Error: PLayerTransaction::Msg_ReleaseLayer Processing error: message was deserialized, but the handler returned false (indicating failure)

IPDL protocol error: Handler returned error code!

###!!! [Parent][DispatchAsyncMessage] Error: PLayerTransaction::Msg_ReleaseLayer Processing error: message was deserialized, but the handler returned false (indicating failure)

IPDL protocol error: Handler returned error code!

###!!! [Parent][DispatchAsyncMessage] Error: PLayerTransaction::Msg_ReleaseLayer Processing error: message was deserialized, but the handler returned false (indicating failure)

IPDL protocol error: Handler returned error code!

###!!! [Parent][DispatchAsyncMessage] Error: PLayerTransaction::Msg_ReleaseLayer Processing error: message was deserialized, but the handler returned false (indicating failure)

IPDL protocol error: Handler returned error code!

###!!! [Parent][DispatchAsyncMessage] Error: PLayerTransaction::Msg_ReleaseLayer Processing error: message was deserialized, but the handler returned false (indicating failure)

IPDL protocol error: Handler returned error code!

###!!! [Parent][DispatchAsyncMessage] Error: PLayerTransaction::Msg_ReleaseLayer Processing error: message was deserialized, but the handler returned false (indicating failure)

IPDL protocol error: Handler returned error code!

###!!! [Parent][DispatchAsyncMessage] Error: PLayerTransaction::Msg_ReleaseLayer Processing error: message was deserialized, but the handler returned false (indicating failure)

IPDL protocol error: Handler returned error code!

###!!! [Parent][DispatchAsyncMessage] Error: PLayerTransaction::Msg_ReleaseLayer Processing error: message was deserialized, but the handler returned false (indicating failure)

1543577017465	Marionette	INFO	Stopped listening on port 35225
1543577018635	mozrunner::runner	INFO	Running command: "/usr/bin/firefox" "-marionette" "-foreground" "-no-remote" "-profile" "/tmp/rust_mozprofile.75e4F0YurhHa"
1543577023818	Marionette	INFO	Listening on port 42993
1543577023878	Marionette	WARN	TLS certificate errors will be ignored for this session
console.error: BroadcastService: 
  receivedBroadcastMessage: handler for
  remote-settings/monitor_changes
  threw error:
  Message: Error: Polling for changes failed: NetworkError when attempting to fetch resource..
  Stack:
    remoteSettingsFunction/remoteSettings.pollChanges@resource://services-settings/remote-settings.js:721:13

Corrupt JPEG data: 12 extraneous bytes before marker 0xd9

(/usr/lib/firefox/firefox:5850): dconf-WARNING **: 19:26:23.631: Unable to open /var/lib/snapd/desktop/dconf/profile/user: 权限不够
JavaScript error: https://kyfw.12306.cn/otn/personalJS/core/lib/require.js, line 8: Error: Script error for "jquery", needed by: g/g-header, g/g-footer, g/g-href, core/common/jquery.SuperSlide, core/common/common, core/common/data.jcokies, core/common/data.jcalendar, core/common/date, core/plugin/confirm, index/index_init, index/app
http://requirejs.org/docs/errors.html#scripterror
JavaScript error: https://kyfw.12306.cn/otn/personalJS/core/lib/require.js, line 8: Error: Script error for "underscore"
http://requirejs.org/docs/errors.html#scripterror
1543577370024	Marionette	INFO	Stopped listening on port 42993
1543577372067	mozrunner::runner	INFO	Running command: "/usr/bin/firefox" "-marionette" "-foreground" "-no-remote" "-profile" "/tmp/rust_mozprofile.iTGsvkVRJPbT"
1543577377241	Marionette	INFO	Listening on port 41367
1543577377296	Marionette	WARN	TLS certificate errors will be ignored for this session
Corrupt JPEG data: 14 extraneous bytes before marker 0xd9

(/usr/lib/firefox/firefox:6212): dconf-WARNING **: 19:30:39.646: Unable to open /var/lib/snapd/desktop/dconf/profile/user: 权限不够
JavaScript error: https://kyfw.12306.cn/otn/personalJS/core/lib/require.js, line 8: Error: Script error for "main"
http://requirejs.org/docs/errors.html#scripterror
console.error: BroadcastService: 
  receivedBroadcastMessage: handler for
  remote-settings/monitor_changes
  threw error:
  Message: Error: Polling for changes failed: NetworkError when attempting to fetch resource..
  Stack:
    remoteSettingsFunction/remoteSettings.pollChanges@resource://services-settings/remote-settings.js:721:13

console.error: "Tried to send a 'tabDetached' event on an already destroyed actor 'frameTarget'"
IPDL protocol error: Handler returned error code!

###!!! [Parent][DispatchAsyncMessage] Error: PLayerTransaction::Msg_ReleaseLayer Processing error: message was deserialized, but the handler returned false (indicating failure)

IPDL protocol error: Handler returned error code!

###!!! [Parent][DispatchAsyncMessage] Error: PLayerTransaction::Msg_ReleaseLayer Processing error: message was deserialized, but the handler returned false (indicating failure)

IPDL protocol error: Handler returned error code!

###!!! [Parent][DispatchAsyncMessage] Error: PLayerTransaction::Msg_ReleaseLayer Processing error: message was deserialized, but the handler returned false (indicating failure)

IPDL protocol error: Handler returned error code!

###!!! [Parent][DispatchAsyncMessage] Error: PLayerTransaction::Msg_ReleaseLayer Processing error: message was deserialized, but the handler returned false (indicating failure)

IPDL protocol error: Handler returned error code!

###!!! [Parent][DispatchAsyncMessage] Error: PLayerTransaction::Msg_ReleaseLayer Processing error: message was deserialized, but the handler returned false (indicating failure)

IPDL protocol error: Handler returned error code!

###!!! [Parent][DispatchAsyncMessage] Error: PLayerTransaction::Msg_ReleaseLayer Processing error: message was deserialized, but the handler returned false (indicating failure)

IPDL protocol error: Handler returned error code!

###!!! [Parent][DispatchAsyncMessage] Error: PLayerTransaction::Msg_ReleaseLayer Processing error: message was deserialized, but the handler returned false (indicating failure)

IPDL protocol error: Handler returned error code!

###!!! [Parent][DispatchAsyncMessage] Error: PLayerTransaction::Msg_ReleaseLayer Processing error: message was deserialized, but the handler returned false (indicating failure)

[Parent 6102, Gecko_IOThread] WARNING: pipe error (92): 连接被对方重设: file /build/firefox-JcIUVH/firefox-63.0.3+build1/ipc/chromium/src/chrome/common/ipc_channel_posix.cc, line 356
1543577953505	Marionette	INFO	Stopped listening on port 41367
1543577955910	mozrunner::runner	INFO	Running command: "/usr/bin/firefox" "-marionette" "-foreground" "-no-remote" "-profile" "/tmp/rust_mozprofile.fj5ndr1I0DWD"
1543577960976	Marionette	INFO	Listening on port 45215
1543577961066	Marionette	WARN	TLS certificate errors will be ignored for this session
Corrupt JPEG data: 17 extraneous bytes before marker 0xd9

(/usr/lib/firefox/firefox:6640): dconf-WARNING **: 19:40:18.317: Unable to open /var/lib/snapd/desktop/dconf/profile/user: 权限不够
JavaScript error: https://kyfw.12306.cn/otn/personalJS/core/lib/require.js, line 8: Error: Script error for "main"
http://requirejs.org/docs/errors.html#scripterror
[Parent 6526, Gecko_IOThread] WARNING: pipe error (113): 连接被对方重设: file /build/firefox-JcIUVH/firefox-63.0.3+build1/ipc/chromium/src/chrome/common/ipc_channel_posix.cc, line 356
[Parent 6526, Gecko_IOThread] WARNING: pipe error (78): 连接被对方重设: file /build/firefox-JcIUVH/firefox-63.0.3+build1/ipc/chromium/src/chrome/common/ipc_channel_posix.cc, line 356
1543578247105	Marionette	INFO	Stopped listening on port 45215
1543579908270	mozrunner::runner	INFO	Running command: "/usr/bin/firefox" "-marionette" "-foreground" "-no-remote" "-profile" "/tmp/rust_mozprofile.31gDE66uPyZB"
1543579913383	Marionette	INFO	Listening on port 45973
1543579913412	Marionette	WARN	TLS certificate errors will be ignored for this session
Corrupt JPEG data: 13 extraneous bytes before marker 0xd9

(/usr/lib/firefox/firefox:7502): dconf-WARNING **: 20:12:43.538: Unable to open /var/lib/snapd/desktop/dconf/profile/user: 权限不够
Corrupt JPEG data: 12 extraneous bytes before marker 0xd9
console.error: BroadcastService: 
  receivedBroadcastMessage: handler for
  remote-settings/monitor_changes
  threw error:
  Message: Error: Polling for changes failed: NetworkError when attempting to fetch resource..
  Stack:
    remoteSettingsFunction/remoteSettings.pollChanges@resource://services-settings/remote-settings.js:721:13

JavaScript error: chrome://browser/content/urlbarBindings.xml, line 2709: NS_ERROR_FAILURE: Component returned failure code: 0x80004005 (NS_ERROR_FAILURE) [nsIAutoCompleteController.getStyleAt]
1543580706798	Marionette	INFO	Stopped listening on port 45973
1543580710294	mozrunner::runner	INFO	Running command: "/usr/bin/firefox" "-marionette" "-foreground" "-no-remote" "-profile" "/tmp/rust_mozprofile.6DRBtMByZdXT"
1543580715614	Marionette	INFO	Listening on port 39871
1543580715736	Marionette	WARN	TLS certificate errors will be ignored for this session
console.error: BroadcastService: 
  receivedBroadcastMessage: handler for
  remote-settings/monitor_changes
  threw error:
  Message: Error: Polling for changes failed: NetworkError when attempting to fetch resource..
  Stack:
    remoteSettingsFunction/remoteSettings.pollChanges@resource://services-settings/remote-settings.js:721:13

Corrupt JPEG data: 15 extraneous bytes before marker 0xd9

(/usr/lib/firefox/firefox:8257): dconf-WARNING **: 20:26:46.645: Unable to open /var/lib/snapd/desktop/dconf/profile/user: 权限不够
console.error: "Tried to send a 'tabDetached' event on an already destroyed actor 'frameTarget'"
IPDL protocol error: Handler returned error code!

###!!! [Parent][DispatchAsyncMessage] Error: PLayerTransaction::Msg_ReleaseLayer Processing error: message was deserialized, but the handler returned false (indicating failure)

IPDL protocol error: Handler returned error code!

###!!! [Parent][DispatchAsyncMessage] Error: PLayerTransaction::Msg_ReleaseLayer Processing error: message was deserialized, but the handler returned false (indicating failure)

IPDL protocol error: Handler returned error code!

###!!! [Parent][DispatchAsyncMessage] Error: PLayerTransaction::Msg_ReleaseLayer Processing error: message was deserialized, but the handler returned false (indicating failure)

IPDL protocol error: Handler returned error code!

###!!! [Parent][DispatchAsyncMessage] Error: PLayerTransaction::Msg_ReleaseLayer Processing error: message was deserialized, but the handler returned false (indicating failure)

IPDL protocol error: Handler returned error code!

###!!! [Parent][DispatchAsyncMessage] Error: PLayerTransaction::Msg_ReleaseLayer Processing error: message was deserialized, but the handler returned false (indicating failure)

[Parent 8149, Gecko_IOThread] WARNING: pipe error (78): 连接被对方重设: file /build/firefox-JcIUVH/firefox-63.0.3+build1/ipc/chromium/src/chrome/common/ipc_channel_posix.cc, line 356
[Parent 8149, Gecko_IOThread] WARNING: pipe error (86): 连接被对方重设: file /build/firefox-JcIUVH/firefox-63.0.3+build1/ipc/chromium/src/chrome/common/ipc_channel_posix.cc, line 356
1543580936440	Marionette	INFO	Stopped listening on port 39871
1543580937629	mozrunner::runner	INFO	Running command: "/usr/bin/firefox" "-marionette" "-foreground" "-no-remote" "-profile" "/tmp/rust_mozprofile.8cZ2Ero05RNl"
1543580942666	Marionette	INFO	Listening on port 42063
1543580942770	Marionette	WARN	TLS certificate errors will be ignored for this session
Corrupt JPEG data: 17 extraneous bytes before marker 0xd9

(/usr/lib/firefox/firefox:8584): dconf-WARNING **: 20:30:10.425: Unable to open /var/lib/snapd/desktop/dconf/profile/user: 权限不够
JavaScript error: https://kyfw.12306.cn/otn/personalJS/core/lib/require.js, line 8: Error: Script error for "main"
http://requirejs.org/docs/errors.html#scripterror
[Parent 8473, Gecko_IOThread] WARNING: pipe error (78): 连接被对方重设: file /build/firefox-JcIUVH/firefox-63.0.3+build1/ipc/chromium/src/chrome/common/ipc_channel_posix.cc, line 356
1543581060105	Marionette	INFO	Stopped listening on port 42063
1543581062139	mozrunner::runner	INFO	Running command: "/usr/bin/firefox" "-marionette" "-foreground" "-no-remote" "-profile" "/tmp/rust_mozprofile.QM0CDupFfXmS"
1543581067283	Marionette	INFO	Listening on port 34849
1543581067377	Marionette	WARN	TLS certificate errors will be ignored for this session
Corrupt JPEG data: 14 extraneous bytes before marker 0xd9

(/usr/lib/firefox/firefox:8932): dconf-WARNING **: 20:31:52.361: Unable to open /var/lib/snapd/desktop/dconf/profile/user: 权限不够
console.error: BroadcastService: 
  receivedBroadcastMessage: handler for
  remote-settings/monitor_changes
  threw error:
  Message: Error: Polling for changes failed: NetworkError when attempting to fetch resource..
  Stack:
    remoteSettingsFunction/remoteSettings.pollChanges@resource://services-settings/remote-settings.js:721:13

console.error: "Tried to send a 'tabDetached' event on an already destroyed actor 'frameTarget'"
IPDL protocol error: Handler returned error code!

###!!! [Parent][DispatchAsyncMessage] Error: PLayerTransaction::Msg_ReleaseLayer Processing error: message was deserialized, but the handler returned false (indicating failure)

IPDL protocol error: Handler returned error code!

###!!! [Parent][DispatchAsyncMessage] Error: PLayerTransaction::Msg_ReleaseLayer Processing error: message was deserialized, but the handler returned false (indicating failure)

IPDL protocol error: Handler returned error code!

###!!! [Parent][DispatchAsyncMessage] Error: PLayerTransaction::Msg_ReleaseLayer Processing error: message was deserialized, but the handler returned false (indicating failure)

IPDL protocol error: Handler returned error code!

###!!! [Parent][DispatchAsyncMessage] Error: PLayerTransaction::Msg_ReleaseLayer Processing error: message was deserialized, but the handler returned false (indicating failure)

IPDL protocol error: Handler returned error code!

###!!! [Parent][DispatchAsyncMessage] Error: PLayerTransaction::Msg_ReleaseLayer Processing error: message was deserialized, but the handler returned false (indicating failure)

IPDL protocol error: Handler returned error code!

###!!! [Parent][DispatchAsyncMessage] Error: PLayerTransaction::Msg_ReleaseLayer Processing error: message was deserialized, but the handler returned false (indicating failure)

IPDL protocol error: Handler returned error code!

###!!! [Parent][DispatchAsyncMessage] Error: PLayerTransaction::Msg_ReleaseLayer Processing error: message was deserialized, but the handler returned false (indicating failure)

IPDL protocol error: Handler returned error code!

###!!! [Parent][DispatchAsyncMessage] Error: PLayerTransaction::Msg_ReleaseLayer Processing error: message was deserialized, but the handler returned false (indicating failure)

IPDL protocol error: Handler returned error code!

###!!! [Parent][DispatchAsyncMessage] Error: PLayerTransaction::Msg_ReleaseLayer Processing error: message was deserialized, but the handler returned false (indicating failure)

IPDL protocol error: Handler returned error code!

###!!! [Parent][DispatchAsyncMessage] Error: PLayerTransaction::Msg_ReleaseLayer Processing error: message was deserialized, but the handler returned false (indicating failure)

IPDL protocol error: Handler returned error code!

###!!! [Parent][DispatchAsyncMessage] Error: PLayerTransaction::Msg_ReleaseLayer Processing error: message was deserialized, but the handler returned false (indicating failure)

IPDL protocol error: Handler returned error code!

###!!! [Parent][DispatchAsyncMessage] Error: PLayerTransaction::Msg_ReleaseLayer Processing error: message was deserialized, but the handler returned false (indicating failure)

IPDL protocol error: Handler returned error code!

###!!! [Parent][DispatchAsyncMessage] Error: PLayerTransaction::Msg_ReleaseLayer Processing error: message was deserialized, but the handler returned false (indicating failure)

IPDL protocol error: Handler returned error code!

###!!! [Parent][DispatchAsyncMessage] Error: PLayerTransaction::Msg_ReleaseLayer Processing error: message was deserialized, but the handler returned false (indicating failure)

IPDL protocol error: Handler returned error code!

###!!! [Parent][DispatchAsyncMessage] Error: PLayerTransaction::Msg_ReleaseLayer Processing error: message was deserialized, but the handler returned false (indicating failure)

[Parent 8822, Gecko_IOThread] WARNING: pipe error (97): 连接被对方重设: file /build/firefox-JcIUVH/firefox-63.0.3+build1/ipc/chromium/src/chrome/common/ipc_channel_posix.cc, line 356
1543581488958	Marionette	INFO	Stopped listening on port 34849
1543581496426	mozrunner::runner	INFO	Running command: "/usr/bin/firefox" "-marionette" "-foreground" "-no-remote" "-profile" "/tmp/rust_mozprofile.ANHo4qFo0Nnb"
1543581501812	Marionette	INFO	Listening on port 38129
1543581501859	Marionette	WARN	TLS certificate errors will be ignored for this session
Corrupt JPEG data: 13 extraneous bytes before marker 0xd9

(/usr/lib/firefox/firefox:9295): dconf-WARNING **: 20:39:10.456: Unable to open /var/lib/snapd/desktop/dconf/profile/user: 权限不够
Corrupt JPEG data: 14 extraneous bytes before marker 0xd9
console.error: "isValidHoverTarget rejected with unexpected reason:"
console.error: (new TypeError("node.offsetParent is null", "resource://devtools/shared/base-loader.js -> resource://devtools/client/inspector/rules/rules.js", 456))
console.error: "Tried to send a 'tabDetached' event on an already destroyed actor 'frameTarget'"
IPDL protocol error: Handler returned error code!

###!!! [Parent][DispatchAsyncMessage] Error: PLayerTransaction::Msg_ReleaseLayer Processing error: message was deserialized, but the handler returned false (indicating failure)

IPDL protocol error: Handler returned error code!

###!!! [Parent][DispatchAsyncMessage] Error: PLayerTransaction::Msg_ReleaseLayer Processing error: message was deserialized, but the handler returned false (indicating failure)

IPDL protocol error: Handler returned error code!

###!!! [Parent][DispatchAsyncMessage] Error: PLayerTransaction::Msg_ReleaseLayer Processing error: message was deserialized, but the handler returned false (indicating failure)

IPDL protocol error: Handler returned error code!

###!!! [Parent][DispatchAsyncMessage] Error: PLayerTransaction::Msg_ReleaseLayer Processing error: message was deserialized, but the handler returned false (indicating failure)

IPDL protocol error: Handler returned error code!

###!!! [Parent][DispatchAsyncMessage] Error: PLayerTransaction::Msg_ReleaseLayer Processing error: message was deserialized, but the handler returned false (indicating failure)

[Parent 9185, Gecko_IOThread] WARNING: pipe error (78): 连接被对方重设: file /build/firefox-JcIUVH/firefox-63.0.3+build1/ipc/chromium/src/chrome/common/ipc_channel_posix.cc, line 356
[Parent 9185, Gecko_IOThread] WARNING: pipe error (97): 连接被对方重设: file /build/firefox-JcIUVH/firefox-63.0.3+build1/ipc/chromium/src/chrome/common/ipc_channel_posix.cc, line 356
1543581705990	Marionette	INFO	Stopped listening on port 38129
1543581710870	mozrunner::runner	INFO	Running command: "/usr/bin/firefox" "-marionette" "-foreground" "-no-remote" "-profile" "/tmp/rust_mozprofile.wPJXw7aLZxAk"
1543581715968	Marionette	INFO	Listening on port 34307
1543581716001	Marionette	WARN	TLS certificate errors will be ignored for this session
console.error: BroadcastService: 
  receivedBroadcastMessage: handler for
  remote-settings/monitor_changes
  threw error:
  Message: Error: Polling for changes failed: NetworkError when attempting to fetch resource..
  Stack:
    remoteSettingsFunction/remoteSettings.pollChanges@resource://services-settings/remote-settings.js:721:13

Corrupt JPEG data: 11 extraneous bytes before marker 0xd9

(/usr/lib/firefox/firefox:9646): dconf-WARNING **: 20:43:37.253: Unable to open /var/lib/snapd/desktop/dconf/profile/user: 权限不够
console.error: "TypeError: this.onSelected is not a function: onDetachedFront@resource://devtools/shared/base-loader.js -> resource://devtools/client/inspector/computed/computed.js:1461:5\nemit@resource://devtools/shared/base-loader.js -> resource://devtools/shared/event-emitter.js:178:15\nemit@resource://devtools/shared/base-loader.js -> resource://devtools/shared/event-emitter.js:255:5\n_onMutations@resource://devtools/shared/base-loader.js -> resource://devtools/client/framework/selection.js:105:7\nemit@resource://devtools/shared/base-loader.js -> resource://devtools/shared/event-emitter.js:178:15\nemit@resource://devtools/shared/base-loader.js -> resource://devtools/shared/event-emitter.js:255:5\nWalkerFront<.getMutations</<@resource://devtools/shared/base-loader.js -> resource://devtools/shared/fronts/inspector.js:414:7\n"
TypeError: this.onSelected is not a function: onDetachedFront@resource://devtools/shared/base-loader.js -> resource://devtools/client/inspector/computed/computed.js:1461:5
emit@resource://devtools/shared/base-loader.js -> resource://devtools/shared/event-emitter.js:178:15
emit@resource://devtools/shared/base-loader.js -> resource://devtools/shared/event-emitter.js:255:5
_onMutations@resource://devtools/shared/base-loader.js -> resource://devtools/client/framework/selection.js:105:7
emit@resource://devtools/shared/base-loader.js -> resource://devtools/shared/event-emitter.js:178:15
emit@resource://devtools/shared/base-loader.js -> resource://devtools/shared/event-emitter.js:255:5
WalkerFront<.getMutations</<@resource://devtools/shared/base-loader.js -> resource://devtools/shared/fronts/inspector.js:414:7

console.error: "TypeError: parent is null: canMutationImpactCurrentStyles@resource://devtools/shared/base-loader.js -> resource://devtools/client/inspector/shared/style-change-tracker.js:65:13\nonMutations@resource://devtools/shared/base-loader.js -> resource://devtools/client/inspector/shared/style-change-tracker.js:82:11\nemit@resource://devtools/shared/base-loader.js -> resource://devtools/shared/event-emitter.js:178:15\nemit@resource://devtools/shared/base-loader.js -> resource://devtools/shared/event-emitter.js:255:5\nWalkerFront<.getMutations</<@resource://devtools/shared/base-loader.js -> resource://devtools/shared/fronts/inspector.js:414:7\n"
TypeError: parent is null: canMutationImpactCurrentStyles@resource://devtools/shared/base-loader.js -> resource://devtools/client/inspector/shared/style-change-tracker.js:65:13
onMutations@resource://devtools/shared/base-loader.js -> resource://devtools/client/inspector/shared/style-change-tracker.js:82:11
emit@resource://devtools/shared/base-loader.js -> resource://devtools/shared/event-emitter.js:178:15
emit@resource://devtools/shared/base-loader.js -> resource://devtools/shared/event-emitter.js:255:5
WalkerFront<.getMutations</<@resource://devtools/shared/base-loader.js -> resource://devtools/shared/fronts/inspector.js:414:7

Handler function LocalDebuggerTransport instance's this.other.hooks.onPacket threw an exception: TypeError: to is null
Stack: onPacket@resource://devtools/shared/base-loader.js -> resource://devtools/server/main.js:1695:11
send/<@resource://devtools/shared/base-loader.js -> resource://devtools/shared/transport/local-transport.js:64:11
exports.makeInfallible/<@resource://devtools/shared/base-loader.js -> resource://devtools/shared/ThreadSafeDevToolsUtils.js:109:14
exports.makeInfallible/<@resource://devtools/shared/base-loader.js -> resource://devtools/shared/ThreadSafeDevToolsUtils.js:109:14
Line: 1695, column: 11
console.error: "Handler function LocalDebuggerTransport instance's this.other.hooks.onPacket threw an exception: TypeError: to is null\nStack: onPacket@resource://devtools/shared/base-loader.js -> resource://devtools/server/main.js:1695:11\nsend/<@resource://devtools/shared/base-loader.js -> resource://devtools/shared/transport/local-transport.js:64:11\nexports.makeInfallible/<@resource://devtools/shared/base-loader.js -> resource://devtools/shared/ThreadSafeDevToolsUtils.js:109:14\nexports.makeInfallible/<@resource://devtools/shared/base-loader.js -> resource://devtools/shared/ThreadSafeDevToolsUtils.js:109:14\nLine: 1695, column: 11"
console.error: "Tried to send a 'tabDetached' event on an already destroyed actor 'frameTarget'"
IPDL protocol error: Handler returned error code!

###!!! [Parent][DispatchAsyncMessage] Error: PLayerTransaction::Msg_ReleaseLayer Processing error: message was deserialized, but the handler returned false (indicating failure)

IPDL protocol error: Handler returned error code!

###!!! [Parent][DispatchAsyncMessage] Error: PLayerTransaction::Msg_ReleaseLayer Processing error: message was deserialized, but the handler returned false (indicating failure)

IPDL protocol error: Handler returned error code!

###!!! [Parent][DispatchAsyncMessage] Error: PLayerTransaction::Msg_ReleaseLayer Processing error: message was deserialized, but the handler returned false (indicating failure)

IPDL protocol error: Handler returned error code!

###!!! [Parent][DispatchAsyncMessage] Error: PLayerTransaction::Msg_ReleaseLayer Processing error: message was deserialized, but the handler returned false (indicating failure)

IPDL protocol error: Handler returned error code!

###!!! [Parent][DispatchAsyncMessage] Error: PLayerTransaction::Msg_ReleaseLayer Processing error: message was deserialized, but the handler returned false (indicating failure)

IPDL protocol error: Handler returned error code!

###!!! [Parent][DispatchAsyncMessage] Error: PLayerTransaction::Msg_ReleaseLayer Processing error: message was deserialized, but the handler returned false (indicating failure)

IPDL protocol error: Handler returned error code!

###!!! [Parent][DispatchAsyncMessage] Error: PLayerTransaction::Msg_ReleaseLayer Processing error: message was deserialized, but the handler returned false (indicating failure)

IPDL protocol error: Handler returned error code!

###!!! [Parent][DispatchAsyncMessage] Error: PLayerTransaction::Msg_ReleaseLayer Processing error: message was deserialized, but the handler returned false (indicating failure)

IPDL protocol error: Handler returned error code!

###!!! [Parent][DispatchAsyncMessage] Error: PLayerTransaction::Msg_ReleaseLayer Processing error: message was deserialized, but the handler returned false (indicating failure)

IPDL protocol error: Handler returned error code!

###!!! [Parent][DispatchAsyncMessage] Error: PLayerTransaction::Msg_ReleaseLayer Processing error: message was deserialized, but the handler returned false (indicating failure)

IPDL protocol error: Handler returned error code!

###!!! [Parent][DispatchAsyncMessage] Error: PLayerTransaction::Msg_ReleaseLayer Processing error: message was deserialized, but the handler returned false (indicating failure)

IPDL protocol error: Handler returned error code!

###!!! [Parent][DispatchAsyncMessage] Error: PLayerTransaction::Msg_ReleaseLayer Processing error: message was deserialized, but the handler returned false (indicating failure)

1543582490254	Marionette	INFO	Stopped listening on port 34307
1543582492275	mozrunner::runner	INFO	Running command: "/usr/bin/firefox" "-marionette" "-foreground" "-no-remote" "-profile" "/tmp/rust_mozprofile.RttGXgZe8i6O"
1543582497341	Marionette	INFO	Listening on port 33261
1543582497429	Marionette	WARN	TLS certificate errors will be ignored for this session
console.error: BroadcastService: 
  receivedBroadcastMessage: handler for
  remote-settings/monitor_changes
  threw error:
  Message: Error: Polling for changes failed: NetworkError when attempting to fetch resource..
  Stack:
    remoteSettingsFunction/remoteSettings.pollChanges@resource://services-settings/remote-settings.js:721:13

Corrupt JPEG data: 15 extraneous bytes before marker 0xd9

(/usr/lib/firefox/firefox:10070): dconf-WARNING **: 20:57:29.611: Unable to open /var/lib/snapd/desktop/dconf/profile/user: 权限不够

###!!! [Child][RunMessage] Error: Channel closing: too late to send/recv, messages will be lost

1543582767482	Marionette	INFO	Stopped listening on port 33261
1543582891550	mozrunner::runner	INFO	Running command: "/usr/bin/firefox" "-marionette" "-foreground" "-no-remote" "-profile" "/tmp/rust_mozprofile.i7cyPONeEML0"
1543582896717	Marionette	INFO	Listening on port 40313
1543582896804	Marionette	WARN	TLS certificate errors will be ignored for this session
Corrupt JPEG data: 15 extraneous bytes before marker 0xd9

(/usr/lib/firefox/firefox:10704): dconf-WARNING **: 21:02:34.823: Unable to open /var/lib/snapd/desktop/dconf/profile/user: 权限不够
console.error: BroadcastService: 
  receivedBroadcastMessage: handler for
  remote-settings/monitor_changes
  threw error:
  Message: Error: Polling for changes failed: NetworkError when attempting to fetch resource..
  Stack:
    remoteSettingsFunction/remoteSettings.pollChanges@resource://services-settings/remote-settings.js:721:13

1543583019966	Marionette	INFO	Stopped listening on port 40313
1543584207325	mozrunner::runner	INFO	Running command: "/usr/bin/firefox" "-marionette" "--proxy-server-http://47.106.120.36:8118" "-foreground" "-no-remote" "-profile" "/tmp/rust_mozprofile.iEzvjzXNPjH9"
1543584212481	Marionette	INFO	Listening on port 41499
1543584212557	Marionette	WARN	TLS certificate errors will be ignored for this session
console.error: BroadcastService: 
  receivedBroadcastMessage: handler for
  remote-settings/monitor_changes
  threw error:
  Message: Error: Polling for changes failed: NetworkError when attempting to fetch resource..
  Stack:
    remoteSettingsFunction/remoteSettings.pollChanges@resource://services-settings/remote-settings.js:721:13

[Parent 11409, Gecko_IOThread] WARNING: pipe error (78): 连接被对方重设: file /build/firefox-JcIUVH/firefox-63.0.3+build1/ipc/chromium/src/chrome/common/ipc_channel_posix.cc, line 356
1543584445581	Marionette	INFO	Stopped listening on port 41499
